[debug] [2019-06-11T02:22:01.385Z] ----------------------------------------------------------------------
[debug] [2019-06-11T02:22:01.388Z] Command:       C:\Program Files\nodejs\node.exe C:\Users\zlock\AppData\Roaming\npm\node_modules\firebase-tools\lib\bin\firebase.js deploy
[debug] [2019-06-11T02:22:01.388Z] CLI Version:   6.11.0
[debug] [2019-06-11T02:22:01.388Z] Platform:      win32
[debug] [2019-06-11T02:22:01.388Z] Node Version:  v11.7.0
[debug] [2019-06-11T02:22:01.389Z] Time:          Tue Jun 11 2019 10:22:01 GMT+0800 (Central Indonesia Time)
[debug] [2019-06-11T02:22:01.389Z] ----------------------------------------------------------------------
[debug] 
[debug] [2019-06-11T02:22:01.398Z] > command requires scopes: ["email","openid","https://www.googleapis.com/auth/cloudplatformprojects.readonly","https://www.googleapis.com/auth/firebase","https://www.googleapis.com/auth/cloud-platform"]
[debug] [2019-06-11T02:22:01.398Z] > authorizing via signed-in user
[debug] [2019-06-11T02:22:01.398Z] [iam] checking project simpu-bu for permissions ["cloudfunctions.functions.create","cloudfunctions.functions.delete","cloudfunctions.functions.get","cloudfunctions.functions.list","cloudfunctions.functions.update","cloudfunctions.operations.get","datastore.indexes.create","datastore.indexes.delete","datastore.indexes.list","datastore.indexes.update","firebase.projects.get","firebasedatabase.instances.update","firebasehosting.sites.update","firebaserules.releases.create","firebaserules.releases.update","firebaserules.rulesets.create"]
[debug] [2019-06-11T02:22:01.400Z] >>> HTTP REQUEST POST https://cloudresourcemanager.googleapis.com/v1/projects/simpu-bu:testIamPermissions  

[debug] [2019-06-11T02:22:03.106Z] <<< HTTP RESPONSE 200
[debug] [2019-06-11T02:22:03.108Z] >>> HTTP REQUEST GET https://firebase.googleapis.com/v1beta1/projects/simpu-bu  
 
[debug] [2019-06-11T02:22:04.056Z] <<< HTTP RESPONSE 200
[info] 
[info] === Deploying to 'simpu-bu'...
[info] 
[info] i  deploying database, storage, firestore, functions, hosting
[info] Running command: npm --prefix "$RESOURCE_DIR" run lint
[info] Running command: npm --prefix "$RESOURCE_DIR" run build
[info] +  functions: Finished running predeploy script.
[info] i  database: checking rules syntax...
[debug] [2019-06-11T02:22:14.161Z] >>> HTTP REQUEST PUT https://simpu-bu.firebaseio.com/.settings/rules.json?dryRun=true  
 {
  "rules": {
    ".read": "auth != null",
    ".write": "auth != null"
  }
}
[debug] [2019-06-11T02:22:15.676Z] <<< HTTP RESPONSE 200
[info] +  database: rules syntax for database simpu-bu is valid
[debug] [2019-06-11T02:22:15.677Z] >>> HTTP REQUEST GET https://appengine.googleapis.com/v1/apps/simpu-bu  
 
[debug] [2019-06-11T02:22:20.729Z] <<< HTTP RESPONSE 200
[info] i  storage: checking storage.rules for compilation errors...
[debug] [2019-06-11T02:22:20.731Z] >>> HTTP REQUEST POST https://firebaserules.googleapis.com/v1/projects/simpu-bu:test  

[debug] [2019-06-11T02:22:22.651Z] <<< HTTP RESPONSE 200
[info] +  storage: rules file storage.rules compiled successfully
[info] i  firestore: checking firestore.rules for compilation errors...
[info] i  firestore: reading indexes from firestore.indexes.json...
[debug] [2019-06-11T02:22:22.659Z] >>> HTTP REQUEST POST https://firebaserules.googleapis.com/v1/projects/simpu-bu:test  

[debug] [2019-06-11T02:22:23.257Z] <<< HTTP RESPONSE 200
[info] +  firestore: rules file firestore.rules compiled successfully
[debug] [2019-06-11T02:22:23.261Z] > [functions] package.json contents: {
  "name": "functions",
  "scripts": {
    "lint": "tslint --project tsconfig.json",
    "build": "tsc",
    "serve": "npm run build && firebase serve --only functions",
    "shell": "npm run build && firebase functions:shell",
    "start": "npm run shell",
    "deploy": "firebase deploy --only functions",
    "logs": "firebase functions:log"
  },
  "engines": {
    "node": "8"
  },
  "main": "lib/index.js",
  "dependencies": {
    "firebase-admin": "~7.0.0",
    "firebase-functions": "^2.3.0"
  },
  "devDependencies": {
    "tslint": "^5.12.0",
    "typescript": "^3.2.2"
  },
  "private": true
}
[info] i  functions: ensuring necessary APIs are enabled...
[debug] [2019-06-11T02:22:23.263Z] >>> HTTP REQUEST GET https://servicemanagement.googleapis.com/v1/services/cloudfunctions.googleapis.com/projectSettings/simpu-bu?view=CONSUMER_VIEW  
 
[debug] [2019-06-11T02:22:23.265Z] >>> HTTP REQUEST GET https://servicemanagement.googleapis.com/v1/services/runtimeconfig.googleapis.com/projectSettings/simpu-bu?view=CONSUMER_VIEW  
 
[debug] [2019-06-11T02:22:26.911Z] <<< HTTP RESPONSE 200
[debug] [2019-06-11T02:22:29.429Z] <<< HTTP RESPONSE 200
[info] +  functions: all necessary APIs are enabled
[debug] [2019-06-11T02:22:29.434Z] >>> HTTP REQUEST GET https://cloudresourcemanager.googleapis.com/v1/projects/simpu-bu  
 
[debug] [2019-06-11T02:22:30.936Z] <<< HTTP RESPONSE 200
[debug] [2019-06-11T02:22:30.936Z] >>> HTTP REQUEST GET https://mobilesdk-pa.googleapis.com/v1/projects/271104451415:getServerAppConfig  
 
[debug] [2019-06-11T02:22:32.808Z] <<< HTTP RESPONSE 200
[debug] [2019-06-11T02:22:32.812Z] >>> HTTP REQUEST POST https://firebasehosting.googleapis.com/v1beta1/sites/simpu-bu/versions  

[debug] [2019-06-11T02:22:36.077Z] <<< HTTP RESPONSE 200
[info] i  storage: uploading rules storage.rules...
[debug] [2019-06-11T02:22:36.083Z] >>> HTTP REQUEST POST https://firebaserules.googleapis.com/v1/projects/simpu-bu/rulesets  

[debug] [2019-06-11T02:22:38.808Z] <<< HTTP RESPONSE 200
[debug] [2019-06-11T02:22:38.809Z] [rules] created ruleset projects/simpu-bu/rulesets/3982e30c-1844-451d-8285-c901aa55c6f3
[info] i  firestore: uploading rules firestore.rules...
[debug] [2019-06-11T02:22:38.814Z] >>> HTTP REQUEST POST https://firebaserules.googleapis.com/v1/projects/simpu-bu/rulesets  

[debug] [2019-06-11T02:22:38.815Z] >>> HTTP REQUEST GET https://firestore.googleapis.com/v1beta2/projects/simpu-bu/databases/(default)/collectionGroups/-/indexes  
 
[debug] [2019-06-11T02:22:40.111Z] <<< HTTP RESPONSE 200
[debug] [2019-06-11T02:22:40.114Z] >>> HTTP REQUEST GET https://firestore.googleapis.com/v1beta2/projects/simpu-bu/databases/(default)/collectionGroups/-/fields?filter=indexConfig.usesAncestorConfig=false  
 
[debug] [2019-06-11T02:22:41.608Z] <<< HTTP RESPONSE 200
[debug] [2019-06-11T02:22:41.609Z] [rules] created ruleset projects/simpu-bu/rulesets/49eed950-c06d-4cfc-89c3-8dcdb67dad09
[debug] [2019-06-11T02:22:42.167Z] <<< HTTP RESPONSE 200
[info] +  firestore: deployed indexes in firestore.indexes.json successfully
[info] i  functions: preparing functions directory for uploading...
[debug] [2019-06-11T02:22:42.174Z] >>> HTTP REQUEST GET https://runtimeconfig.googleapis.com/v1beta1/projects/simpu-bu/configs  
 
[debug] [2019-06-11T02:22:44.302Z] <<< HTTP RESPONSE 200
[info] i  functions: packaged functions (33.82 KB) for uploading
[debug] [2019-06-11T02:22:44.557Z] >>> HTTP REQUEST POST https://cloudfunctions.googleapis.com/v1/projects/simpu-bu/locations/us-central1/functions:generateUploadUrl  
 
[debug] [2019-06-11T02:22:45.770Z] <<< HTTP RESPONSE 200
[debug] [2019-06-11T02:22:45.772Z] >>> HTTP REQUEST PUT https://storage.googleapis.com/gcf-upload-us-central1-9cb41067-1474-43db-950c-e02f3da6e27b/ff3bcb6f-b505-41d7-b6e3-8f39fe299e90.zip?GoogleAccessId=service-271104451415@gcf-admin-robot.iam.gserviceaccount.com&Expires=1560221565&Signature=D53elFWN80A8nCInsS8orGHviteWXr2PqEFSms%2F9FzSUZxXWERQwkxzEQRNyg5uCr7ANdaDpCVYSW%2FDiVzMr%2FBKM2noc%2FJCn6pjlIou%2F9b0QMs2yyswy43M81L%2BAVa6UIoRpVYLF94KhuMv%2BXhKjhJKSw4QpCPArGVXmMrKoWa6TfIJ44IiB09FDFqf21poTUnfjKs%2FAW5yu7zXbe%2BNy2FLleg6lIpG5M%2BrjpF%2FfR0aVeOxD%2Bt8ConvfgvCzf0PtAZ1Hbc32EbtQ4v2j2muE4T%2BlZGFi%2BEUgpLxLfOYA8%2FReRyxp%2BBXN7u8VxXMBl4%2BiTb2BSjG%2B0k0xuyUWix0D2w%3D%3D  

[debug] [2019-06-11T02:22:47.032Z] <<< HTTP RESPONSE 200
[info] +  functions: functions folder uploaded successfully
[info] i  hosting[simpu-bu]: beginning deploy...
[info] i  hosting[simpu-bu]: found 89 files in dist/ngx-dbu-djpu
[debug] [2019-06-11T02:22:47.108Z] [hosting] hash cache [ZGlzdFxuZ3gtZGJ1LWRqcHU] load error: lines is not defined
[debug] [2019-06-11T02:22:47.446Z] [hosting] hash cache [ZGlzdFxuZ3gtZGJ1LWRqcHU] stored for 89 files
[debug] [2019-06-11T02:22:47.446Z] [hosting][hash queue][FINAL]
[debug] [2019-06-11T02:22:47.446Z] >>> HTTP REQUEST POST https://firebasehosting.googleapis.com/v1beta1/sites/simpu-bu/versions/d500be5b21172927:populateFiles  
 <request body omitted>
[debug] [2019-06-11T02:22:54.411Z] <<< HTTP RESPONSE 200
[debug] [2019-06-11T02:22:54.423Z] [hosting][populate queue][FINAL]
[debug] [2019-06-11T02:22:54.423Z] [hosting] uploads queued: 15
[debug] [2019-06-11T02:23:02.395Z] [hosting][upload queue][FINAL]
[info] +  hosting[simpu-bu]: file upload complete
[debug] [2019-06-11T02:23:02.396Z] [hosting] deploy completed after 15360ms
[info] i  database: releasing rules...
[debug] [2019-06-11T02:23:05.981Z] >>> HTTP REQUEST PUT https://simpu-bu.firebaseio.com/.settings/rules.json  
 {
  "rules": {
    ".read": "auth != null",
    ".write": "auth != null"
  }
}
[debug] [2019-06-11T02:23:09.957Z] <<< HTTP RESPONSE 200
[info] +  database: rules for database simpu-bu released successfully
[debug] [2019-06-11T02:23:09.960Z] [rules] releasing firebase.storage/simpu-bu.appspot.com with ruleset projects/simpu-bu/rulesets/3982e30c-1844-451d-8285-c901aa55c6f3
[debug] [2019-06-11T02:23:09.961Z] >>> HTTP REQUEST PATCH https://firebaserules.googleapis.com/v1/projects/simpu-bu/releases/firebase.storage/simpu-bu.appspot.com  

[debug] [2019-06-11T02:23:11.696Z] <<< HTTP RESPONSE 200
[debug] [2019-06-11T02:23:11.697Z] [rules] updated release projects/simpu-bu/releases/firebase.storage/simpu-bu.appspot.com
[info] +  storage: released rules storage.rules to firebase.storage/simpu-bu.appspot.com
[debug] [2019-06-11T02:23:11.698Z] [rules] releasing cloud.firestore with ruleset projects/simpu-bu/rulesets/49eed950-c06d-4cfc-89c3-8dcdb67dad09
[debug] [2019-06-11T02:23:11.698Z] >>> HTTP REQUEST PATCH https://firebaserules.googleapis.com/v1/projects/simpu-bu/releases/cloud.firestore  

[debug] [2019-06-11T02:23:12.329Z] <<< HTTP RESPONSE 200
[debug] [2019-06-11T02:23:12.330Z] [rules] updated release projects/simpu-bu/releases/cloud.firestore
[info] +  firestore: released rules firestore.rules to cloud.firestore
[debug] [2019-06-11T02:23:12.337Z] >>> HTTP REQUEST GET https://cloudfunctions.googleapis.com/v1/projects/simpu-bu/locations/-/functions  
 
[debug] [2019-06-11T02:23:13.255Z] <<< HTTP RESPONSE 200
[info] i  functions: updating Node.js 8 function helloWorld(us-central1)...
[debug] [2019-06-11T02:23:13.262Z] Trigger is:  {"httpsTrigger":{}}
[debug] [2019-06-11T02:23:13.264Z] >>> HTTP REQUEST GET https://servicemanagement.googleapis.com/v1/services/cloudscheduler.googleapis.com/projectSettings/simpu-bu?view=CONSUMER_VIEW  
 
[debug] [2019-06-11T02:23:15.548Z] <<< HTTP RESPONSE 200
[debug] [2019-06-11T02:23:15.551Z] >>> HTTP REQUEST PATCH https://cloudfunctions.googleapis.com/v1/projects/simpu-bu/locations/us-central1/functions/helloWorld {"updateMask":"sourceUploadUrl,name,labels,runtime,httpsTrigger"} 

[debug] [2019-06-11T02:23:19.691Z] <<< HTTP RESPONSE 200
[debug] [2019-06-11T02:23:19.696Z] >>> HTTP REQUEST GET https://cloudfunctions.googleapis.com/v1/projects/simpu-bu/locations/-/functions  
 
[debug] [2019-06-11T02:23:20.670Z] <<< HTTP RESPONSE 200
[debug] [2019-06-11T02:23:20.671Z] >>> HTTP REQUEST GET https://cloudfunctions.googleapis.com/v1/operations/c2ltcHUtYnUvdXMtY2VudHJhbDEvaGVsbG9Xb3JsZC9TZEl3YlJJYlhIUQ  
 
[debug] [2019-06-11T02:23:21.576Z] <<< HTTP RESPONSE 200
[debug] [2019-06-11T02:23:23.579Z] >>> HTTP REQUEST GET https://cloudfunctions.googleapis.com/v1/operations/c2ltcHUtYnUvdXMtY2VudHJhbDEvaGVsbG9Xb3JsZC9TZEl3YlJJYlhIUQ  
 
[debug] [2019-06-11T02:23:24.471Z] <<< HTTP RESPONSE 200
[debug] [2019-06-11T02:23:26.474Z] >>> HTTP REQUEST GET https://cloudfunctions.googleapis.com/v1/operations/c2ltcHUtYnUvdXMtY2VudHJhbDEvaGVsbG9Xb3JsZC9TZEl3YlJJYlhIUQ  
 
[debug] [2019-06-11T02:23:28.363Z] <<< HTTP RESPONSE 200
[debug] [2019-06-11T02:23:30.364Z] >>> HTTP REQUEST GET https://cloudfunctions.googleapis.com/v1/operations/c2ltcHUtYnUvdXMtY2VudHJhbDEvaGVsbG9Xb3JsZC9TZEl3YlJJYlhIUQ  
 
[debug] [2019-06-11T02:23:31.241Z] <<< HTTP RESPONSE 200
[debug] [2019-06-11T02:23:33.243Z] >>> HTTP REQUEST GET https://cloudfunctions.googleapis.com/v1/operations/c2ltcHUtYnUvdXMtY2VudHJhbDEvaGVsbG9Xb3JsZC9TZEl3YlJJYlhIUQ  
 
[debug] [2019-06-11T02:23:34.110Z] <<< HTTP RESPONSE 200
[debug] [2019-06-11T02:23:36.111Z] >>> HTTP REQUEST GET https://cloudfunctions.googleapis.com/v1/operations/c2ltcHUtYnUvdXMtY2VudHJhbDEvaGVsbG9Xb3JsZC9TZEl3YlJJYlhIUQ  
 
[debug] [2019-06-11T02:23:36.987Z] <<< HTTP RESPONSE 200
[debug] [2019-06-11T02:23:38.989Z] >>> HTTP REQUEST GET https://cloudfunctions.googleapis.com/v1/operations/c2ltcHUtYnUvdXMtY2VudHJhbDEvaGVsbG9Xb3JsZC9TZEl3YlJJYlhIUQ  
 
[debug] [2019-06-11T02:23:43.936Z] <<< HTTP RESPONSE 200
[debug] [2019-06-11T02:23:45.937Z] >>> HTTP REQUEST GET https://cloudfunctions.googleapis.com/v1/operations/c2ltcHUtYnUvdXMtY2VudHJhbDEvaGVsbG9Xb3JsZC9TZEl3YlJJYlhIUQ  
 
[debug] [2019-06-11T02:23:47.839Z] <<< HTTP RESPONSE 200
[debug] [2019-06-11T02:23:49.839Z] >>> HTTP REQUEST GET https://cloudfunctions.googleapis.com/v1/operations/c2ltcHUtYnUvdXMtY2VudHJhbDEvaGVsbG9Xb3JsZC9TZEl3YlJJYlhIUQ  
 
[debug] [2019-06-11T02:23:50.464Z] <<< HTTP RESPONSE 200
[debug] [2019-06-11T02:23:52.465Z] >>> HTTP REQUEST GET https://cloudfunctions.googleapis.com/v1/operations/c2ltcHUtYnUvdXMtY2VudHJhbDEvaGVsbG9Xb3JsZC9TZEl3YlJJYlhIUQ  
 
[debug] [2019-06-11T02:23:54.500Z] <<< HTTP RESPONSE 200
[debug] [2019-06-11T02:23:56.501Z] >>> HTTP REQUEST GET https://cloudfunctions.googleapis.com/v1/operations/c2ltcHUtYnUvdXMtY2VudHJhbDEvaGVsbG9Xb3JsZC9TZEl3YlJJYlhIUQ  
 
[debug] [2019-06-11T02:23:57.129Z] <<< HTTP RESPONSE 200
[debug] [2019-06-11T02:23:59.131Z] >>> HTTP REQUEST GET https://cloudfunctions.googleapis.com/v1/operations/c2ltcHUtYnUvdXMtY2VudHJhbDEvaGVsbG9Xb3JsZC9TZEl3YlJJYlhIUQ  
 
[debug] [2019-06-11T02:24:00.011Z] <<< HTTP RESPONSE 200
